<?xml version="1.0" encoding="UTF-8"?>
<testsuite xmlns:xsi="http://www.w3.org/2001/XMLSchema-instance" xsi:schemaLocation="https://maven.apache.org/surefire/maven-surefire-plugin/xsd/surefire-test-report.xsd" name="com.wipro.controller.LoginFunctionalTest" time="33.176" tests="2" errors="2" skipped="0" failures="0">
  <properties>
[...]
</properties>
  <testcase name="com.wipro.controller.LoginFunctionalTest" classname="com.wipro.controller.LoginFunctionalTest" time="33.175">
    <error message="org.apache.http.conn.HttpHostConnectException: Connect to localhost:40785 [localhost/127.0.0.1, localhost/0:0:0:0:0:0:0:1] failed: Connection refused: connect&#10;Build info: version: &apos;3.5.2&apos;, revision: &apos;10229a9&apos;, time: &apos;2017-08-21T17:29:55.15Z&apos;&#10;System info: host: &apos;PARIVESH-PC&apos;, ip: &apos;192.168.99.1&apos;, os.name: &apos;Windows 10&apos;, os.arch: &apos;amd64&apos;, os.version: &apos;10.0&apos;, java.version: &apos;1.8.0_171&apos;&#10;Driver info: driver.version: FirefoxDriver" type="org.openqa.selenium.WebDriverException">org.openqa.selenium.WebDriverException: 
org.apache.http.conn.HttpHostConnectException: Connect to localhost:40785 [localhost/127.0.0.1, localhost/0:0:0:0:0:0:0:1] failed: Connection refused: connect
Build info: version: '3.5.2', revision: '10229a9', time: '2017-08-21T17:29:55.15Z'
System info: host: 'PARIVESH-PC', ip: '192.168.99.1', os.name: 'Windows 10', os.arch: 'amd64', os.version: '10.0', java.version: '1.8.0_171'
Driver info: driver.version: FirefoxDriver
	at com.wipro.controller.LoginFunctionalTest.setup(LoginFunctionalTest.java:35)
Caused by: org.apache.http.conn.HttpHostConnectException: Connect to localhost:40785 [localhost/127.0.0.1, localhost/0:0:0:0:0:0:0:1] failed: Connection refused: connect
	at com.wipro.controller.LoginFunctionalTest.setup(LoginFunctionalTest.java:35)
Caused by: java.net.ConnectException: Connection refused: connect
	at com.wipro.controller.LoginFunctionalTest.setup(LoginFunctionalTest.java:35)
</error>
    <system-err><![CDATA[May 14, 2018 6:46:25 PM org.openqa.selenium.firefox.FirefoxOptions toCapabilities
INFO: Preferring the firefox binary in these options (C:\Program Files\Mozilla Firefox\firefox.exe rather than C:/Program Files/Mozilla Firefox/firefox.exe)
May 14, 2018 6:46:25 PM org.openqa.selenium.firefox.FirefoxOptions toCapabilities
INFO: Preferring the firefox binary in these options (C:\Program Files\Mozilla Firefox\firefox.exe rather than C:/Program Files/Mozilla Firefox/firefox.exe)
Unable to read VR Path Registry from C:\Users\Parivesh\AppData\Local\openvr\openvrpaths.vrpath
Unable to read VR Path Registry from C:\Users\Parivesh\AppData\Local\openvr\openvrpaths.vrpath
]]></system-err>
  </testcase>
  <testcase name="com.wipro.controller.LoginFunctionalTest" classname="com.wipro.controller.LoginFunctionalTest" time="33.175">
    <error type="java.lang.NullPointerException">java.lang.NullPointerException
	at com.wipro.controller.LoginFunctionalTest.cleanUp(LoginFunctionalTest.java:40)
</error>
  </testcase>
</testsuite>